[INFO][2024-09-04 11:17:04.588][/mysql.go:51][RoutineID=1]db init complete
[INFO][2024-09-04 11:17:05.378][/server.go:54][RoutineID=1]start http server
[INFO][2024-09-04 11:17:05.379][/server.go:65][RoutineID=1]start tg bot
[WARNING][2024-09-04 11:17:08.470][/main.go:64][RoutineID=1]Interrupt received, shutting down now.
[INFO][2024-09-04 15:36:48.161][/mysql.go:51][RoutineID=1]db init complete
[INFO][2024-09-04 15:36:48.974][/server.go:54][RoutineID=1]start http server
[INFO][2024-09-04 15:36:48.974][/server.go:65][RoutineID=1]start tg bot
[WARNING][2024-09-04 16:11:00.691][/main.go:64][RoutineID=1]Interrupt received, shutting down now.
[INFO][2024-09-04 16:15:42.911][/mysql.go:51][RoutineID=1]db init complete
[INFO][2024-09-04 16:15:43.753][/server.go:54][RoutineID=1]start http server
[INFO][2024-09-04 16:15:43.753][/server.go:65][RoutineID=1]start tg bot
[WARNING][2024-09-04 16:16:10.932][/main.go:64][RoutineID=1]Interrupt received, shutting down now.
[INFO][2024-09-04 16:17:14.166][/mysql.go:51][RoutineID=1]db init complete
[INFO][2024-09-04 16:17:14.942][/server.go:54][RoutineID=1]start http server
[INFO][2024-09-04 16:17:14.942][/server.go:65][RoutineID=1]start tg bot
[ERROR][2024-09-04 16:33:42.166][/mysql.go:36][RoutineID=1]db Setup err: dial tcp 10.230.255.15:3306: i/o timeout
[ERROR][2024-09-04 16:33:42.167][/main.go:40][RoutineID=1]dial tcp 10.230.255.15:3306: i/o timeout
[ERROR][2024-09-04 16:33:47.511][/mysql.go:36][RoutineID=1]db Setup err: dial tcp 10.230.255.15:3306: connect: network is unreachable
[ERROR][2024-09-04 16:33:47.511][/main.go:40][RoutineID=1]dial tcp 10.230.255.15:3306: connect: network is unreachable
[INFO][2024-09-04 16:33:52.645][/mysql.go:51][RoutineID=1]db init complete
[INFO][2024-09-04 16:34:22.721][/mysql.go:51][RoutineID=1]db init complete
[WARNING][2024-09-04 16:34:30.407][/main.go:64][RoutineID=1]Interrupt received, shutting down now.
[INFO][2024-09-04 16:34:49.700][/mysql.go:51][RoutineID=1]db init complete
[INFO][2024-09-04 16:35:16.257][/mysql.go:51][RoutineID=1]db init complete
[INFO][2024-09-04 16:35:55.420][/mysql.go:51][RoutineID=1]db init complete
[INFO][2024-09-04 16:35:56.408][/server.go:54][RoutineID=1]start http server
[INFO][2024-09-04 16:35:56.409][/server.go:65][RoutineID=1]start tg bot
[WARNING][2024-09-04 16:36:01.136][/main.go:64][RoutineID=1]Interrupt received, shutting down now.
