[INFO][2024-09-03 15:41:36.912][/mysql.go:51][RoutineID=1]db init complete
[INFO][2024-09-03 15:42:36.126][/mysql.go:51][RoutineID=1]db init complete
[INFO][2024-09-03 15:43:32.176][/mysql.go:51][RoutineID=1]db init complete
[INFO][2024-09-03 15:43:56.650][/mysql.go:51][RoutineID=1]db init complete
[INFO][2024-09-03 15:46:49.307][/mysql.go:51][RoutineID=1]db init complete
[INFO][2024-09-03 16:12:21.724][/mysql.go:51][RoutineID=1]db init complete
[INFO][2024-09-03 16:12:52.539][/mysql.go:51][RoutineID=1]db init complete
[INFO][2024-09-03 16:14:02.901][/mysql.go:51][RoutineID=1]db init complete
[INFO][2024-09-03 16:15:51.207][/mysql.go:51][RoutineID=1]db init complete
[INFO][2024-09-03 16:17:56.575][/mysql.go:51][RoutineID=1]db init complete
[INFO][2024-09-03 16:18:19.313][/mysql.go:51][RoutineID=1]db init complete
[INFO][2024-09-03 16:26:20.360][/mysql.go:51][RoutineID=1]db init complete
[INFO][2024-09-03 16:28:20.888][/mysql.go:51][RoutineID=1]db init complete
[INFO][2024-09-03 16:29:15.434][/mysql.go:51][RoutineID=1]db init complete
[INFO][2024-09-03 16:30:40.563][/mysql.go:51][RoutineID=1]db init complete
[ERROR][2024-09-03 17:31:22.129][/mysql.go:36][RoutineID=1]db Setup err: dial tcp 10.230.255.15:3306: i/o timeout
[ERROR][2024-09-03 17:31:22.132][/main.go:40][RoutineID=1]dial tcp 10.230.255.15:3306: i/o timeout
[ERROR][2024-09-03 17:33:10.729][/mysql.go:36][RoutineID=1]db Setup err: dial tcp 10.230.255.15:3306: i/o timeout
[ERROR][2024-09-03 17:33:10.731][/main.go:40][RoutineID=1]dial tcp 10.230.255.15:3306: i/o timeout
[INFO][2024-09-03 17:33:33.576][/mysql.go:51][RoutineID=1]db init complete
[INFO][2024-09-03 17:34:41.119][/mysql.go:51][RoutineID=1]db init complete
[INFO][2024-09-03 17:35:22.388][/mysql.go:51][RoutineID=1]db init complete
[INFO][2024-09-03 17:35:26.997][/server.go:54][RoutineID=1]start http server
[INFO][2024-09-03 17:35:26.997][/server.go:65][RoutineID=1]start tg bot
[INFO][2024-09-03 17:36:41.036][/mysql.go:51][RoutineID=1]db init complete
[INFO][2024-09-03 17:36:41.952][/server.go:54][RoutineID=1]start http server
[INFO][2024-09-03 17:36:41.952][/server.go:65][RoutineID=1]start tg bot
[WARNING][2024-09-03 17:37:44.806][/main.go:64][RoutineID=1]Interrupt received, shutting down now.
[INFO][2024-09-03 17:50:31.575][/mysql.go:51][RoutineID=1]db init complete
[INFO][2024-09-03 17:50:32.661][/server.go:54][RoutineID=1]start http server
[INFO][2024-09-03 17:50:32.662][/server.go:65][RoutineID=1]start tg bot
[WARNING][2024-09-03 17:52:08.543][/main.go:64][RoutineID=1]Interrupt received, shutting down now.
[INFO][2024-09-03 17:52:10.839][/mysql.go:51][RoutineID=1]db init complete
[INFO][2024-09-03 17:52:11.732][/server.go:54][RoutineID=1]start http server
[INFO][2024-09-03 17:52:11.732][/server.go:65][RoutineID=1]start tg bot
[WARNING][2024-09-03 17:54:21.059][/main.go:64][RoutineID=1]Interrupt received, shutting down now.
[INFO][2024-09-03 17:54:23.282][/mysql.go:51][RoutineID=1]db init complete
[INFO][2024-09-03 17:54:24.314][/server.go:54][RoutineID=1]start http server
[INFO][2024-09-03 17:54:24.315][/server.go:65][RoutineID=1]start tg bot
[WARNING][2024-09-03 17:55:18.441][/main.go:64][RoutineID=1]Interrupt received, shutting down now.
[INFO][2024-09-03 17:55:21.124][/mysql.go:51][RoutineID=1]db init complete
[INFO][2024-09-03 17:55:22.050][/server.go:54][RoutineID=1]start http server
[INFO][2024-09-03 17:55:22.051][/server.go:65][RoutineID=1]start tg bot
[WARNING][2024-09-03 17:56:15.069][/main.go:64][RoutineID=1]Interrupt received, shutting down now.
[INFO][2024-09-03 17:56:17.178][/mysql.go:51][RoutineID=1]db init complete
[INFO][2024-09-03 17:56:18.239][/server.go:54][RoutineID=1]start http server
[INFO][2024-09-03 17:56:18.240][/server.go:65][RoutineID=1]start tg bot
[INFO][2024-09-03 17:56:39.969][/mysql.go:51][RoutineID=1]db init complete
[INFO][2024-09-03 17:56:41.289][/server.go:54][RoutineID=1]start http server
[INFO][2024-09-03 17:56:41.289][/server.go:65][RoutineID=1]start tg bot
[INFO][2024-09-03 18:06:28.845][/mysql.go:51][RoutineID=1]db init complete
[INFO][2024-09-03 18:06:30.308][/server.go:54][RoutineID=1]start http server
[INFO][2024-09-03 18:06:30.308][/server.go:65][RoutineID=1]start tg bot
[WARNING][2024-09-03 18:12:33.491][/main.go:64][RoutineID=1]Interrupt received, shutting down now.
[INFO][2024-09-03 18:12:35.991][/mysql.go:51][RoutineID=1]db init complete
[INFO][2024-09-03 18:12:36.868][/server.go:54][RoutineID=1]start http server
[INFO][2024-09-03 18:12:36.868][/server.go:65][RoutineID=1]start tg bot
[INFO][2024-09-03 18:26:08.922][/mysql.go:51][RoutineID=1]db init complete
[INFO][2024-09-03 18:26:09.719][/server.go:54][RoutineID=1]start http server
[INFO][2024-09-03 18:26:09.719][/server.go:65][RoutineID=1]start tg bot
[WARNING][2024-09-03 18:31:00.300][/main.go:64][RoutineID=1]Interrupt received, shutting down now.
[INFO][2024-09-03 18:31:03.053][/mysql.go:51][RoutineID=1]db init complete
[INFO][2024-09-03 18:31:03.863][/server.go:54][RoutineID=1]start http server
[INFO][2024-09-03 18:31:03.863][/server.go:65][RoutineID=1]start tg bot
[WARNING][2024-09-03 18:31:52.531][/main.go:64][RoutineID=1]Interrupt received, shutting down now.
[INFO][2024-09-03 18:31:54.433][/mysql.go:51][RoutineID=1]db init complete
[INFO][2024-09-03 18:31:55.184][/server.go:54][RoutineID=1]start http server
[INFO][2024-09-03 18:31:55.184][/server.go:65][RoutineID=1]start tg bot
[WARNING][2024-09-03 18:32:33.952][/main.go:64][RoutineID=1]Interrupt received, shutting down now.
[INFO][2024-09-03 18:32:35.911][/mysql.go:51][RoutineID=1]db init complete
[INFO][2024-09-03 18:32:36.710][/server.go:54][RoutineID=1]start http server
[INFO][2024-09-03 18:32:36.710][/server.go:65][RoutineID=1]start tg bot
[INFO][2024-09-03 18:34:23.011][/mysql.go:51][RoutineID=1]db init complete
[INFO][2024-09-03 18:34:23.778][/server.go:54][RoutineID=1]start http server
[INFO][2024-09-03 18:34:23.779][/server.go:65][RoutineID=1]start tg bot
[WARNING][2024-09-03 18:40:01.571][/main.go:64][RoutineID=1]Interrupt received, shutting down now.
[INFO][2024-09-03 18:40:03.813][/mysql.go:51][RoutineID=1]db init complete
[INFO][2024-09-03 18:40:04.596][/server.go:54][RoutineID=1]start http server
[INFO][2024-09-03 18:40:04.596][/server.go:65][RoutineID=1]start tg bot
[WARNING][2024-09-03 18:41:18.860][/main.go:64][RoutineID=1]Interrupt received, shutting down now.
[INFO][2024-09-03 18:41:21.682][/mysql.go:51][RoutineID=1]db init complete
[INFO][2024-09-03 18:41:22.450][/server.go:54][RoutineID=1]start http server
[INFO][2024-09-03 18:41:22.450][/server.go:65][RoutineID=1]start tg bot
[WARNING][2024-09-03 18:50:27.096][/main.go:64][RoutineID=1]Interrupt received, shutting down now.
